SERVER > negotiated srv 10 and cli 10
SERVER > client Ryan requesting put of resume.pdf
SERVER > Filesize 13717
SERVER > Recv 0 (128 of 13717)
SERVER > Recv 1 (256 of 13717)
SERVER > Recv 2 (384 of 13717)
SERVER > Recv 3 (512 of 13717)
SERVER > Recv 4 (640 of 13717)
SERVER > Recv 5 (768 of 13717)
SERVER > Recv 6 (896 of 13717)
SERVER > Recv 7 (1024 of 13717)
SERVER > Recv 8 (1152 of 13717)
SERVER > Recv 9 (1280 of 13717)
SERVER > Recv 10 (1408 of 13717)
SERVER > Recv 11 (1536 of 13717)
SERVER > Recv 12 (1664 of 13717)
SERVER > Recv 13 (1792 of 13717)
SERVER > Recv 14 (1920 of 13717)
SERVER > Recv 15 (2048 of 13717)
SERVER > Recv 16 (2176 of 13717)
SERVER > Recv 17 (2304 of 13717)
SERVER > Recv 18 (2432 of 13717)
SERVER > Sent NAK for 19
SERVER > Sent NAK for 19
SERVER > Sent NAK for 19
SERVER > Sent NAK for 19
SERVER > Sent NAK for 19
SERVER > Sent NAK for 19
SERVER > Sent NAK for 19
SERVER > Sent NAK for 19
SERVER > Sent NAK for 19
SERVER > Sent NAK for 19
SERVER > Sent NAK for 19
SERVER > Sent NAK for 19
SERVER > Sent NAK for 19
SERVER > Sent NAK for 19
SERVER > Sent NAK for 19
SERVER > Sent NAK for 19
SERVER > Sent NAK for 19
SERVER > Sent NAK for 19
SERVER > Sent NAK for 19
SERVER > Sent NAK for 19
SERVER > Sent NAK for 19
SERVER > Sent NAK for 19
SERVER > Sent NAK for 19
SERVER > Sent NAK for 19
SERVER > Sent NAK for 19
SERVER > Sent NAK for 19
SERVER > Sent NAK for 19
SERVER > Sent NAK for 19
SERVER > Sent NAK for 19
SERVER > Sent NAK for 19
SERVER > Sent NAK for 19
SERVER > Sent NAK for 19
SERVER > Sent NAK for 19
SERVER > Sent NAK for 19
SERVER > Sent NAK for 19
SERVER > Sent NAK for 19
SERVER > Sent NAK for 19
SERVER > Sent NAK for 19
SERVER > Sent NAK for 19
SERVER > Sent NAK for 19
SERVER > Sent NAK for 19
SERVER > Sent NAK for 19
SERVER > Sent NAK for 19
SERVER > Sent NAK for 19
SERVER > Sent NAK for 19
SERVER > Sent NAK for 19
SERVER > Sent NAK for 19
SERVER > Sent NAK for 19
SERVER > Sent NAK for 19
SERVER > Sent NAK for 19
SERVER > Sent NAK for 19
SERVER > Sent NAK for 19
SERVER > Sent NAK for 19
SERVER > Sent NAK for 19
SERVER > Sent NAK for 19
SERVER > Sent NAK for 19
SERVER > Sent NAK for 19
SERVER > Sent NAK for 19
SERVER > Sent NAK for 19
SERVER > Sent NAK for 19
SERVER > Sent NAK for 19
SERVER > Sent NAK for 19
SERVER > Sent NAK for 19
SERVER > Sent NAK for 19
SERVER > Sent NAK for 19
SERVER > Sent NAK for 19
SERVER > Sent NAK for 19
SERVER > Sent NAK for 19
SERVER > Sent NAK for 19
SERVER > Sent NAK for 19
SERVER > Sent NAK for 19
SERVER > Sent NAK for 19
SERVER > Sent NAK for 19
SERVER > Sent NAK for 19
SERVER > Sent NAK for 19
SERVER > Sent NAK for 19
SERVER > Sent NAK for 19
SERVER > Sent NAK for 19
SERVER > Sent NAK for 19
SERVER > Sent NAK for 19
SERVER > Sent NAK for 19
SERVER > Sent NAK for 19
SERVER > Sent NAK for 19
SERVER > Sent NAK for 19
SERVER > Sent NAK for 19
SERVER > Sent NAK for 19
SERVER > Sent NAK for 19
SERVER > Sent NAK for 19
SERVER > Sent NAK for 19
SERVER > Sent NAK for 19
SERVER > Sent NAK for 19
SERVER > Sent NAK for 19
SERVER > Sent NAK for 19
SERVER > Sent NAK for 19
SERVER > Sent NAK for 19
SERVER > Sent NAK for 19
SERVER > Sent NAK for 19
SERVER > Sent NAK for 19
SERVER > Sent NAK for 19
SERVER > Sent NAK for 19
SERVER > Sent NAK for 19
SERVER > Sent NAK for 19
SERVER > Sent NAK for 19
SERVER > Sent NAK for 19
SERVER > Sent NAK for 19
SERVER > Sent NAK for 19
SERVER > Sent NAK for 19
SERVER > Sent NAK for 19
SERVER > Sent NAK for 19
SERVER > Sent NAK for 19
SERVER > Sent NAK for 19
SERVER > Sent NAK for 19
SERVER > Sent NAK for 19
SERVER > Sent NAK for 19
SERVER > Sent NAK for 19
SERVER > Sent NAK for 19
SERVER > Sent NAK for 19
SERVER > Sent NAK for 19
SERVER > Sent NAK for 19
SERVER > Sent NAK for 19
SERVER > Sent NAK for 19
SERVER > Sent NAK for 19
SERVER > Sent NAK for 19
SERVER > Sent NAK for 19
SERVER > Sent NAK for 19
SERVER > Sent NAK for 19
SERVER > Sent NAK for 19
SERVER > Sent NAK for 19
SERVER > Sent NAK for 19
SERVER > Sent NAK for 19
SERVER > Sent NAK for 19
SERVER > Sent NAK for 19
SERVER > Sent NAK for 19
SERVER > Sent NAK for 19
SERVER > Sent NAK for 19
SERVER > Sent NAK for 19
SERVER > Sent NAK for 19
SERVER > Sent NAK for 19
SERVER > Sent NAK for 19
SERVER > Sent NAK for 19
SERVER > Sent NAK for 19
SERVER > Sent NAK for 19
SERVER > Sent NAK for 19
SERVER > Sent NAK for 19
SERVER > Sent NAK for 19
SERVER > Sent NAK for 19
SERVER > Sent NAK for 19
SERVER > Sent NAK for 19
SERVER > Sent NAK for 19
SERVER > Sent NAK for 19
SERVER > Sent NAK for 19
SERVER > Sent NAK for 19
SERVER > Sent NAK for 19
SERVER > Sent NAK for 19
SERVER > Sent NAK for 19
SERVER > Sent NAK for 19
SERVER > Sent NAK for 19
SERVER > Sent NAK for 19
SERVER > Sent NAK for 19
SERVER > Sent NAK for 19
SERVER > Sent NAK for 19
SERVER > Sent NAK for 19
SERVER > Sent NAK for 19
SERVER > Sent NAK for 19
SERVER > Sent NAK for 19
SERVER > Sent NAK for 19
SERVER > Sent NAK for 19
SERVER > Sent NAK for 19
SERVER > Sent NAK for 19
SERVER > Sent NAK for 19
SERVER > Sent NAK for 19
SERVER > Sent NAK for 19
SERVER > Sent NAK for 19
SERVER > Sent NAK for 19
SERVER > Sent NAK for 19
SERVER > Sent NAK for 19
SERVER > Sent NAK for 19
SERVER > Sent NAK for 19
SERVER > Sent NAK for 19
SERVER > Sent NAK for 19
SERVER > Sent NAK for 19
SERVER > Sent NAK for 19
SERVER > Sent NAK for 19
SERVER > Sent NAK for 19
SERVER > Sent NAK for 19
SERVER > Sent NAK for 19
SERVER > Sent NAK for 19
SERVER > Sent NAK for 19
SERVER > Sent NAK for 19
SERVER > Sent NAK for 19
SERVER > Sent NAK for 19
SERVER > Sent NAK for 19
SERVER > Sent NAK for 19
SERVER > Sent NAK for 19
SERVER > Sent NAK for 19
SERVER > Sent NAK for 19
SERVER > Sent NAK for 19
SERVER > Sent NAK for 19
SERVER > Sent NAK for 19
SERVER > Sent NAK for 19
SERVER > Sent NAK for 19
SERVER > Sent NAK for 19
SERVER > Sent NAK for 19
SERVER > Sent NAK for 19
SERVER > Sent NAK for 19
SERVER > Sent NAK for 19
SERVER > Sent NAK for 19
SERVER > Sent NAK for 19
SERVER > Sent NAK for 19
SERVER > Sent NAK for 19
SERVER > Sent NAK for 19
SERVER > Sent NAK for 19
SERVER > Sent NAK for 19
SERVER > Sent NAK for 19
SERVER > Sent NAK for 19
SERVER > Sent NAK for 19
SERVER > Sent NAK for 19
SERVER > Sent NAK for 19
SERVER > Sent NAK for 19
SERVER > Sent NAK for 19
SERVER > Sent NAK for 19
SERVER > Sent NAK for 19
SERVER > Sent NAK for 19
SERVER > Sent NAK for 19
SERVER > Sent NAK for 19
SERVER > Sent NAK for 19
SERVER > Sent NAK for 19
SERVER > Sent NAK for 19
SERVER > Sent NAK for 19
SERVER > Sent NAK for 19
SERVER > Sent NAK for 19
SERVER > Sent NAK for 19
SERVER > Sent NAK for 19
SERVER > Sent NAK for 19
SERVER > Sent NAK for 19
SERVER > Sent NAK for 19
SERVER > Sent NAK for 19
SERVER > Sent NAK for 19
SERVER > Sent NAK for 19
SERVER > Sent NAK for 19
SERVER > Sent NAK for 19
SERVER > Sent NAK for 19
SERVER > Sent NAK for 19
SERVER > Sent NAK for 19
SERVER > Sent NAK for 19
SERVER > Sent NAK for 19
SERVER > Sent NAK for 19
SERVER > Sent NAK for 19
SERVER > Sent NAK for 19
SERVER > Sent NAK for 19
SERVER > Sent NAK for 19
SERVER > Sent NAK for 19
SERVER > Sent NAK for 19
SERVER > Sent NAK for 19
SERVER > Sent NAK for 19
SERVER > Sent NAK for 19
SERVER > Sent NAK for 19
SERVER > Sent NAK for 19
SERVER > Sent NAK for 19
SERVER > Sent NAK for 19
SERVER > Sent NAK for 19
SERVER > Sent NAK for 19
SERVER > Sent NAK for 19
SERVER > Sent NAK for 19
SERVER > Sent NAK for 19
SERVER > Sent NAK for 19
SERVER > Sent NAK for 19
SERVER > Sent NAK for 19
SERVER > Sent NAK for 19
SERVER > Sent NAK for 19
SERVER > Sent NAK for 19
SERVER > Sent NAK for 19
SERVER > Sent NAK for 19
SERVER > Sent NAK for 19
SERVER > Sent NAK for 19
SERVER > Sent NAK for 19
SERVER > Sent NAK for 19
SERVER > Sent NAK for 19
SERVER > Sent NAK for 19
SERVER > Sent NAK for 19
SERVER > Sent NAK for 19
SERVER > Sent NAK for 19
SERVER > Sent NAK for 19
SERVER > Sent NAK for 19
SERVER > Sent NAK for 19
SERVER > Sent NAK for 19
SERVER > Sent NAK for 19
SERVER > Sent NAK for 19
SERVER > Sent NAK for 19
SERVER > Sent NAK for 19
SERVER > Sent NAK for 19
SERVER > Sent NAK for 19
SERVER > Sent NAK for 19
SERVER > Sent NAK for 19
SERVER > Sent NAK for 19
SERVER > Sent NAK for 19
SERVER > Sent NAK for 19
SERVER > Sent NAK for 19
SERVER > Sent NAK for 19
SERVER > Sent NAK for 19
SERVER > Sent NAK for 19
SERVER > Sent NAK for 19
SERVER > Sent NAK for 19
SERVER > Sent NAK for 19
SERVER > Sent NAK for 19
SERVER > Sent NAK for 19
SERVER > Sent NAK for 19
SERVER > Sent NAK for 19
SERVER > Sent NAK for 19
SERVER > Sent NAK for 19
SERVER > Sent NAK for 19
SERVER > Sent NAK for 19
SERVER > Sent NAK for 19
SERVER > Sent NAK for 19
SERVER > Sent NAK for 19
SERVER > Sent NAK for 19
SERVER > Sent NAK for 19
SERVER > Sent NAK for 19
SERVER > Sent NAK for 19
SERVER > Sent NAK for 19
SERVER > Sent NAK for 19
SERVER > Sent NAK for 19
SERVER > Sent NAK for 19
SERVER > Sent NAK for 19
SERVER > Sent NAK for 19
SERVER > Sent NAK for 19
SERVER > Sent NAK for 19
SERVER > Sent NAK for 19
SERVER > Sent NAK for 19
SERVER > Sent NAK for 19
SERVER > Sent NAK for 19
SERVER > Sent NAK for 19
SERVER > Sent NAK for 19
SERVER > Sent NAK for 19
SERVER > Sent NAK for 19
SERVER > Sent NAK for 19
SERVER > Sent NAK for 19
SERVER > Sent NAK for 19
SERVER > Sent NAK for 19
SERVER > Sent NAK for 19
SERVER > Sent NAK for 19
SERVER > Sent NAK for 19
SERVER > Sent NAK for 19
SERVER > Sent NAK for 19
SERVER > Sent NAK for 19
SERVER > Sent NAK for 19
SERVER > Sent NAK for 19
SERVER > Sent NAK for 19
SERVER > Sent NAK for 19
SERVER > Sent NAK for 19
SERVER > Sent NAK for 19
SERVER > Sent NAK for 19
SERVER > Sent NAK for 19
SERVER > Sent NAK for 19
SERVER > Sent NAK for 19
SERVER > Sent NAK for 19
SERVER > Sent NAK for 19
SERVER > Sent NAK for 19
SERVER > Sent NAK for 19
SERVER > Sent NAK for 19
SERVER > Sent NAK for 19
SERVER > Sent NAK for 19
SERVER > Sent NAK for 19
SERVER > Sent NAK for 19
SERVER > Sent NAK for 19
SERVER > Sent NAK for 19
SERVER > Sent NAK for 19
SERVER > Sent NAK for 19
SERVER > Sent NAK for 19
SERVER > Sent NAK for 19
SERVER > Sent NAK for 19
SERVER > Sent NAK for 19
SERVER > Sent NAK for 19
SERVER > Sent NAK for 19
SERVER > Sent NAK for 19
SERVER > Sent NAK for 19
SERVER > Sent NAK for 19
SERVER > Sent NAK for 19
SERVER > Sent NAK for 19
SERVER > Sent NAK for 19
SERVER > Sent NAK for 19
SERVER > Sent NAK for 19
SERVER > Sent NAK for 19
SERVER > Sent NAK for 19
SERVER > Sent NAK for 19
SERVER > Sent NAK for 19
SERVER > Sent NAK for 19
SERVER > Sent NAK for 19
SERVER > Sent NAK for 19
SERVER > Sent NAK for 19
SERVER > Sent NAK for 19
SERVER > Sent NAK for 19
SERVER > Sent NAK for 19
SERVER > Sent NAK for 19
SERVER > Sent NAK for 19
SERVER > Sent NAK for 19
SERVER > Sent NAK for 19
SERVER > Sent NAK for 19
SERVER > Sent NAK for 19
SERVER > Sent NAK for 19
SERVER > Sent NAK for 19
SERVER > Sent NAK for 19
SERVER > Sent NAK for 19
SERVER > Sent NAK for 19
SERVER > Sent NAK for 19
SERVER > Sent NAK for 19
SERVER > Sent NAK for 19
SERVER > Sent NAK for 19
SERVER > Sent NAK for 19
SERVER > Sent NAK for 19
SERVER > Sent NAK for 19
SERVER > Sent NAK for 19
SERVER > Sent NAK for 19
SERVER > Sent NAK for 19
SERVER > Sent NAK for 19
SERVER > Sent NAK for 19
SERVER > Sent NAK for 19
SERVER > Sent NAK for 19
SERVER > Sent NAK for 19
SERVER > Sent NAK for 19
SERVER > Sent NAK for 19
SERVER > Sent NAK for 19
SERVER > Sent NAK for 19
SERVER > Sent NAK for 19
SERVER > Sent NAK for 19
SERVER > Sent NAK for 19
SERVER > Sent NAK for 19
